{"/Users/anastasia/Desktop/Unit-tests/src/chunk/chunk.js": {"path":"/Users/anastasia/Desktop/Unit-tests/src/chunk/chunk.js","statementMap":{"0":{"start":{"line":10,"column":16},"end":{"line":10,"column":45}},"1":{"start":{"line":12,"column":19},"end":{"line":30,"column":3}},"2":{"start":{"line":13,"column":4},"end":{"line":15,"column":5}},"3":{"start":{"line":14,"column":6},"end":{"line":14,"column":107}},"4":{"start":{"line":17,"column":19},"end":{"line":17,"column":21}},"5":{"start":{"line":18,"column":16},"end":{"line":18,"column":18}},"6":{"start":{"line":20,"column":4},"end":{"line":27,"column":5}},"7":{"start":{"line":20,"column":17},"end":{"line":20,"column":18}},"8":{"start":{"line":21,"column":6},"end":{"line":21,"column":36}},"9":{"start":{"line":23,"column":6},"end":{"line":26,"column":7}},"10":{"start":{"line":24,"column":8},"end":{"line":24,"column":36}},"11":{"start":{"line":25,"column":8},"end":{"line":25,"column":19}},"12":{"start":{"line":29,"column":4},"end":{"line":29,"column":18}},"13":{"start":{"line":32,"column":2},"end":{"line":32,"column":30}}},"fnMap":{"0":{"name":"(anonymous_0)","decl":{"start":{"line":12,"column":19},"end":{"line":12,"column":20}},"loc":{"start":{"line":12,"column":36},"end":{"line":30,"column":3}},"line":12}},"branchMap":{"0":{"loc":{"start":{"line":13,"column":4},"end":{"line":15,"column":5}},"type":"if","locations":[{"start":{"line":13,"column":4},"end":{"line":15,"column":5}},{"start":{},"end":{}}],"line":13},"1":{"loc":{"start":{"line":13,"column":8},"end":{"line":13,"column":42}},"type":"binary-expr","locations":[{"start":{"line":13,"column":8},"end":{"line":13,"column":29}},{"start":{"line":13,"column":33},"end":{"line":13,"column":42}}],"line":13},"2":{"loc":{"start":{"line":23,"column":6},"end":{"line":26,"column":7}},"type":"if","locations":[{"start":{"line":23,"column":6},"end":{"line":26,"column":7}},{"start":{},"end":{}}],"line":23},"3":{"loc":{"start":{"line":23,"column":10},"end":{"line":23,"column":57}},"type":"binary-expr","locations":[{"start":{"line":23,"column":10},"end":{"line":23,"column":31}},{"start":{"line":23,"column":35},"end":{"line":23,"column":57}}],"line":23}},"s":{"0":1,"1":1,"2":6,"3":2,"4":4,"5":4,"6":4,"7":4,"8":12,"9":12,"10":5,"11":5,"12":4,"13":1},"f":{"0":6},"b":{"0":[2,4],"1":[6,5],"2":[5,7],"3":[12,9]},"_coverageSchema":"1a1c01bbd47fc00a2c39e90264f33305004495a9","hash":"8699c9914bcb958569a7b63a0199312c24c0a26f"}
,"/Users/anastasia/Desktop/Unit-tests/src/compact/compact.js": {"path":"/Users/anastasia/Desktop/Unit-tests/src/compact/compact.js","statementMap":{"0":{"start":{"line":7,"column":16},"end":{"line":7,"column":45}},"1":{"start":{"line":9,"column":16},"end":{"line":22,"column":3}},"2":{"start":{"line":10,"column":4},"end":{"line":12,"column":5}},"3":{"start":{"line":11,"column":6},"end":{"line":11,"column":68}},"4":{"start":{"line":14,"column":19},"end":{"line":14,"column":21}},"5":{"start":{"line":15,"column":4},"end":{"line":19,"column":5}},"6":{"start":{"line":15,"column":17},"end":{"line":15,"column":18}},"7":{"start":{"line":16,"column":6},"end":{"line":18,"column":7}},"8":{"start":{"line":17,"column":8},"end":{"line":17,"column":38}},"9":{"start":{"line":21,"column":4},"end":{"line":21,"column":18}},"10":{"start":{"line":24,"column":2},"end":{"line":24,"column":27}}},"fnMap":{"0":{"name":"(anonymous_0)","decl":{"start":{"line":9,"column":16},"end":{"line":9,"column":17}},"loc":{"start":{"line":9,"column":27},"end":{"line":22,"column":3}},"line":9}},"branchMap":{"0":{"loc":{"start":{"line":10,"column":4},"end":{"line":12,"column":5}},"type":"if","locations":[{"start":{"line":10,"column":4},"end":{"line":12,"column":5}},{"start":{},"end":{}}],"line":10},"1":{"loc":{"start":{"line":16,"column":6},"end":{"line":18,"column":7}},"type":"if","locations":[{"start":{"line":16,"column":6},"end":{"line":18,"column":7}},{"start":{},"end":{}}],"line":16}},"s":{"0":1,"1":1,"2":5,"3":1,"4":4,"5":4,"6":4,"7":15,"8":6,"9":4,"10":1},"f":{"0":5},"b":{"0":[1,4],"1":[6,9]},"_coverageSchema":"1a1c01bbd47fc00a2c39e90264f33305004495a9","hash":"4e1fbfe7b9a94e7b70e5dee685da391787ebee67"}
,"/Users/anastasia/Desktop/Unit-tests/src/drop/drop.js": {"path":"/Users/anastasia/Desktop/Unit-tests/src/drop/drop.js","statementMap":{"0":{"start":{"line":15,"column":16},"end":{"line":15,"column":45}},"1":{"start":{"line":17,"column":13},"end":{"line":23,"column":1}},"2":{"start":{"line":18,"column":8},"end":{"line":20,"column":9}},"3":{"start":{"line":19,"column":10},"end":{"line":19,"column":72}},"4":{"start":{"line":22,"column":8},"end":{"line":22,"column":37}},"5":{"start":{"line":25,"column":0},"end":{"line":25,"column":22}}},"fnMap":{"0":{"name":"(anonymous_0)","decl":{"start":{"line":17,"column":13},"end":{"line":17,"column":14}},"loc":{"start":{"line":17,"column":25},"end":{"line":23,"column":1}},"line":17}},"branchMap":{"0":{"loc":{"start":{"line":18,"column":8},"end":{"line":20,"column":9}},"type":"if","locations":[{"start":{"line":18,"column":8},"end":{"line":20,"column":9}},{"start":{},"end":{}}],"line":18}},"s":{"0":1,"1":1,"2":7,"3":1,"4":6,"5":1},"f":{"0":7},"b":{"0":[1,6]},"_coverageSchema":"1a1c01bbd47fc00a2c39e90264f33305004495a9","hash":"c892f11ab82ed01ada9148c245a81ab40a32cf24"}
,"/Users/anastasia/Desktop/Unit-tests/src/dropWhile/dropWhile.js": {"path":"/Users/anastasia/Desktop/Unit-tests/src/dropWhile/dropWhile.js","statementMap":{"0":{"start":{"line":26,"column":16},"end":{"line":26,"column":45}},"1":{"start":{"line":28,"column":18},"end":{"line":39,"column":1}},"2":{"start":{"line":29,"column":12},"end":{"line":29,"column":13}},"3":{"start":{"line":31,"column":8},"end":{"line":37,"column":9}},"4":{"start":{"line":32,"column":25},"end":{"line":32,"column":41}},"5":{"start":{"line":33,"column":12},"end":{"line":35,"column":13}},"6":{"start":{"line":34,"column":16},"end":{"line":34,"column":22}},"7":{"start":{"line":36,"column":12},"end":{"line":36,"column":19}},"8":{"start":{"line":38,"column":8},"end":{"line":38,"column":38}},"9":{"start":{"line":41,"column":0},"end":{"line":41,"column":27}}},"fnMap":{"0":{"name":"(anonymous_0)","decl":{"start":{"line":28,"column":18},"end":{"line":28,"column":19}},"loc":{"start":{"line":28,"column":37},"end":{"line":39,"column":1}},"line":28}},"branchMap":{"0":{"loc":{"start":{"line":33,"column":12},"end":{"line":35,"column":13}},"type":"if","locations":[{"start":{"line":33,"column":12},"end":{"line":35,"column":13}},{"start":{},"end":{}}],"line":33}},"s":{"0":1,"1":1,"2":2,"3":2,"4":4,"5":4,"6":2,"7":2,"8":2,"9":1},"f":{"0":2},"b":{"0":[2,2]},"_coverageSchema":"1a1c01bbd47fc00a2c39e90264f33305004495a9","hash":"044c0078f8bb9484327b9a60b7730ad26b997a44"}
,"/Users/anastasia/Desktop/Unit-tests/src/filter/filter.js": {"path":"/Users/anastasia/Desktop/Unit-tests/src/filter/filter.js","statementMap":{"0":{"start":{"line":20,"column":16},"end":{"line":20,"column":45}},"1":{"start":{"line":22,"column":15},"end":{"line":56,"column":1}},"2":{"start":{"line":23,"column":4},"end":{"line":25,"column":5}},"3":{"start":{"line":24,"column":8},"end":{"line":24,"column":46}},"4":{"start":{"line":26,"column":4},"end":{"line":36,"column":5}},"5":{"start":{"line":27,"column":16},"end":{"line":27,"column":18}},"6":{"start":{"line":28,"column":8},"end":{"line":34,"column":11}},"7":{"start":{"line":29,"column":10},"end":{"line":33,"column":11}},"8":{"start":{"line":30,"column":12},"end":{"line":32,"column":13}},"9":{"start":{"line":31,"column":11},"end":{"line":31,"column":32}},"10":{"start":{"line":35,"column":8},"end":{"line":35,"column":17}},"11":{"start":{"line":37,"column":4},"end":{"line":45,"column":5}},"12":{"start":{"line":38,"column":16},"end":{"line":38,"column":18}},"13":{"start":{"line":39,"column":8},"end":{"line":43,"column":10}},"14":{"start":{"line":40,"column":12},"end":{"line":42,"column":11}},"15":{"start":{"line":41,"column":14},"end":{"line":41,"column":36}},"16":{"start":{"line":44,"column":8},"end":{"line":44,"column":17}},"17":{"start":{"line":46,"column":4},"end":{"line":54,"column":5}},"18":{"start":{"line":47,"column":16},"end":{"line":47,"column":18}},"19":{"start":{"line":48,"column":9},"end":{"line":52,"column":11}},"20":{"start":{"line":49,"column":13},"end":{"line":51,"column":14}},"21":{"start":{"line":50,"column":16},"end":{"line":50,"column":38}},"22":{"start":{"line":53,"column":8},"end":{"line":53,"column":17}},"23":{"start":{"line":58,"column":0},"end":{"line":58,"column":24}}},"fnMap":{"0":{"name":"(anonymous_0)","decl":{"start":{"line":22,"column":15},"end":{"line":22,"column":16}},"loc":{"start":{"line":22,"column":35},"end":{"line":56,"column":1}},"line":22},"1":{"name":"(anonymous_1)","decl":{"start":{"line":28,"column":29},"end":{"line":28,"column":30}},"loc":{"start":{"line":28,"column":37},"end":{"line":34,"column":9}},"line":28},"2":{"name":"(anonymous_2)","decl":{"start":{"line":39,"column":29},"end":{"line":39,"column":30}},"loc":{"start":{"line":39,"column":37},"end":{"line":43,"column":9}},"line":39},"3":{"name":"(anonymous_3)","decl":{"start":{"line":48,"column":30},"end":{"line":48,"column":31}},"loc":{"start":{"line":48,"column":38},"end":{"line":52,"column":10}},"line":48}},"branchMap":{"0":{"loc":{"start":{"line":23,"column":4},"end":{"line":25,"column":5}},"type":"if","locations":[{"start":{"line":23,"column":4},"end":{"line":25,"column":5}},{"start":{},"end":{}}],"line":23},"1":{"loc":{"start":{"line":26,"column":4},"end":{"line":36,"column":5}},"type":"if","locations":[{"start":{"line":26,"column":4},"end":{"line":36,"column":5}},{"start":{},"end":{}}],"line":26},"2":{"loc":{"start":{"line":30,"column":12},"end":{"line":32,"column":13}},"type":"if","locations":[{"start":{"line":30,"column":12},"end":{"line":32,"column":13}},{"start":{},"end":{}}],"line":30},"3":{"loc":{"start":{"line":30,"column":16},"end":{"line":30,"column":66}},"type":"binary-expr","locations":[{"start":{"line":30,"column":16},"end":{"line":30,"column":36}},{"start":{"line":30,"column":40},"end":{"line":30,"column":66}}],"line":30},"4":{"loc":{"start":{"line":37,"column":4},"end":{"line":45,"column":5}},"type":"if","locations":[{"start":{"line":37,"column":4},"end":{"line":45,"column":5}},{"start":{},"end":{}}],"line":37},"5":{"loc":{"start":{"line":40,"column":12},"end":{"line":42,"column":11}},"type":"if","locations":[{"start":{"line":40,"column":12},"end":{"line":42,"column":11}},{"start":{},"end":{}}],"line":40},"6":{"loc":{"start":{"line":40,"column":16},"end":{"line":40,"column":78}},"type":"binary-expr","locations":[{"start":{"line":40,"column":16},"end":{"line":40,"column":42}},{"start":{"line":40,"column":46},"end":{"line":40,"column":78}}],"line":40},"7":{"loc":{"start":{"line":46,"column":4},"end":{"line":54,"column":5}},"type":"if","locations":[{"start":{"line":46,"column":4},"end":{"line":54,"column":5}},{"start":{},"end":{}}],"line":46},"8":{"loc":{"start":{"line":49,"column":13},"end":{"line":51,"column":14}},"type":"if","locations":[{"start":{"line":49,"column":13},"end":{"line":51,"column":14}},{"start":{},"end":{}}],"line":49}},"s":{"0":1,"1":1,"2":6,"3":3,"4":3,"5":1,"6":1,"7":2,"8":4,"9":1,"10":1,"11":2,"12":1,"13":1,"14":2,"15":1,"16":1,"17":1,"18":1,"19":1,"20":2,"21":1,"22":1,"23":1},"f":{"0":6,"1":2,"2":2,"3":2},"b":{"0":[3,3],"1":[1,2],"2":[1,3],"3":[4,2],"4":[1,1],"5":[1,1],"6":[2,2],"7":[1,0],"8":[1,1]},"_coverageSchema":"1a1c01bbd47fc00a2c39e90264f33305004495a9","hash":"6f0fd76a37fc68644fae3ed78565c50107a6fbed"}
,"/Users/anastasia/Desktop/Unit-tests/src/find/find.js": {"path":"/Users/anastasia/Desktop/Unit-tests/src/find/find.js","statementMap":{"0":{"start":{"line":25,"column":13},"end":{"line":67,"column":3}},"1":{"start":{"line":26,"column":4},"end":{"line":28,"column":5}},"2":{"start":{"line":27,"column":6},"end":{"line":27,"column":61}},"3":{"start":{"line":30,"column":4},"end":{"line":64,"column":5}},"4":{"start":{"line":31,"column":27},"end":{"line":31,"column":35}},"5":{"start":{"line":32,"column":6},"end":{"line":36,"column":7}},"6":{"start":{"line":33,"column":8},"end":{"line":35,"column":9}},"7":{"start":{"line":34,"column":10},"end":{"line":34,"column":22}},"8":{"start":{"line":37,"column":11},"end":{"line":64,"column":5}},"9":{"start":{"line":38,"column":6},"end":{"line":42,"column":7}},"10":{"start":{"line":39,"column":8},"end":{"line":41,"column":9}},"11":{"start":{"line":40,"column":10},"end":{"line":40,"column":22}},"12":{"start":{"line":43,"column":11},"end":{"line":64,"column":5}},"13":{"start":{"line":44,"column":6},"end":{"line":55,"column":7}},"14":{"start":{"line":45,"column":20},"end":{"line":45,"column":24}},"15":{"start":{"line":46,"column":8},"end":{"line":51,"column":9}},"16":{"start":{"line":47,"column":10},"end":{"line":50,"column":11}},"17":{"start":{"line":48,"column":12},"end":{"line":48,"column":26}},"18":{"start":{"line":49,"column":12},"end":{"line":49,"column":18}},"19":{"start":{"line":52,"column":8},"end":{"line":54,"column":9}},"20":{"start":{"line":53,"column":10},"end":{"line":53,"column":22}},"21":{"start":{"line":56,"column":11},"end":{"line":64,"column":5}},"22":{"start":{"line":57,"column":6},"end":{"line":61,"column":7}},"23":{"start":{"line":58,"column":8},"end":{"line":60,"column":9}},"24":{"start":{"line":59,"column":10},"end":{"line":59,"column":22}},"25":{"start":{"line":63,"column":6},"end":{"line":63,"column":98}},"26":{"start":{"line":66,"column":4},"end":{"line":66,"column":21}},"27":{"start":{"line":71,"column":4},"end":{"line":71,"column":70}},"28":{"start":{"line":75,"column":2},"end":{"line":75,"column":24}}},"fnMap":{"0":{"name":"(anonymous_0)","decl":{"start":{"line":25,"column":13},"end":{"line":25,"column":14}},"loc":{"start":{"line":25,"column":34},"end":{"line":67,"column":3}},"line":25},"1":{"name":"isIterable","decl":{"start":{"line":70,"column":11},"end":{"line":70,"column":21}},"loc":{"start":{"line":70,"column":29},"end":{"line":72,"column":3}},"line":70}},"branchMap":{"0":{"loc":{"start":{"line":26,"column":4},"end":{"line":28,"column":5}},"type":"if","locations":[{"start":{"line":26,"column":4},"end":{"line":28,"column":5}},{"start":{},"end":{}}],"line":26},"1":{"loc":{"start":{"line":30,"column":4},"end":{"line":64,"column":5}},"type":"if","locations":[{"start":{"line":30,"column":4},"end":{"line":64,"column":5}},{"start":{"line":37,"column":11},"end":{"line":64,"column":5}}],"line":30},"2":{"loc":{"start":{"line":33,"column":8},"end":{"line":35,"column":9}},"type":"if","locations":[{"start":{"line":33,"column":8},"end":{"line":35,"column":9}},{"start":{},"end":{}}],"line":33},"3":{"loc":{"start":{"line":37,"column":11},"end":{"line":64,"column":5}},"type":"if","locations":[{"start":{"line":37,"column":11},"end":{"line":64,"column":5}},{"start":{"line":43,"column":11},"end":{"line":64,"column":5}}],"line":37},"4":{"loc":{"start":{"line":39,"column":8},"end":{"line":41,"column":9}},"type":"if","locations":[{"start":{"line":39,"column":8},"end":{"line":41,"column":9}},{"start":{},"end":{}}],"line":39},"5":{"loc":{"start":{"line":43,"column":11},"end":{"line":64,"column":5}},"type":"if","locations":[{"start":{"line":43,"column":11},"end":{"line":64,"column":5}},{"start":{"line":56,"column":11},"end":{"line":64,"column":5}}],"line":43},"6":{"loc":{"start":{"line":47,"column":10},"end":{"line":50,"column":11}},"type":"if","locations":[{"start":{"line":47,"column":10},"end":{"line":50,"column":11}},{"start":{},"end":{}}],"line":47},"7":{"loc":{"start":{"line":52,"column":8},"end":{"line":54,"column":9}},"type":"if","locations":[{"start":{"line":52,"column":8},"end":{"line":54,"column":9}},{"start":{},"end":{}}],"line":52},"8":{"loc":{"start":{"line":56,"column":11},"end":{"line":64,"column":5}},"type":"if","locations":[{"start":{"line":56,"column":11},"end":{"line":64,"column":5}},{"start":{"line":62,"column":11},"end":{"line":64,"column":5}}],"line":56},"9":{"loc":{"start":{"line":58,"column":8},"end":{"line":60,"column":9}},"type":"if","locations":[{"start":{"line":58,"column":8},"end":{"line":60,"column":9}},{"start":{},"end":{}}],"line":58}},"s":{"0":1,"1":8,"2":3,"3":5,"4":1,"5":1,"6":2,"7":1,"8":4,"9":2,"10":4,"11":1,"12":2,"13":1,"14":3,"15":3,"16":4,"17":2,"18":2,"19":3,"20":1,"21":1,"22":1,"23":1,"24":1,"25":0,"26":1,"27":8,"28":1},"f":{"0":8,"1":8},"b":{"0":[3,5],"1":[1,4],"2":[1,1],"3":[2,2],"4":[1,3],"5":[1,1],"6":[2,2],"7":[1,2],"8":[1,0],"9":[1,0]},"_coverageSchema":"1a1c01bbd47fc00a2c39e90264f33305004495a9","hash":"b0fab964608a9b681ad2c57924f30691aa8fa400"}
,"/Users/anastasia/Desktop/Unit-tests/src/includes/includes.js": {"path":"/Users/anastasia/Desktop/Unit-tests/src/includes/includes.js","statementMap":{"0":{"start":{"line":17,"column":16},"end":{"line":17,"column":45}},"1":{"start":{"line":19,"column":17},"end":{"line":48,"column":3}},"2":{"start":{"line":20,"column":4},"end":{"line":45,"column":5}},"3":{"start":{"line":21,"column":21},"end":{"line":21,"column":38}},"4":{"start":{"line":22,"column":23},"end":{"line":22,"column":83}},"5":{"start":{"line":24,"column":6},"end":{"line":28,"column":7}},"6":{"start":{"line":24,"column":19},"end":{"line":24,"column":29}},"7":{"start":{"line":25,"column":8},"end":{"line":27,"column":9}},"8":{"start":{"line":26,"column":10},"end":{"line":26,"column":22}},"9":{"start":{"line":29,"column":11},"end":{"line":45,"column":5}},"10":{"start":{"line":30,"column":6},"end":{"line":34,"column":7}},"11":{"start":{"line":31,"column":8},"end":{"line":33,"column":9}},"12":{"start":{"line":32,"column":10},"end":{"line":32,"column":22}},"13":{"start":{"line":35,"column":11},"end":{"line":45,"column":5}},"14":{"start":{"line":36,"column":21},"end":{"line":36,"column":38}},"15":{"start":{"line":37,"column":23},"end":{"line":37,"column":83}},"16":{"start":{"line":38,"column":23},"end":{"line":38,"column":44}},"17":{"start":{"line":40,"column":6},"end":{"line":44,"column":7}},"18":{"start":{"line":40,"column":19},"end":{"line":40,"column":29}},"19":{"start":{"line":41,"column":8},"end":{"line":43,"column":9}},"20":{"start":{"line":42,"column":10},"end":{"line":42,"column":22}},"21":{"start":{"line":47,"column":4},"end":{"line":47,"column":17}},"22":{"start":{"line":52,"column":2},"end":{"line":52,"column":28}}},"fnMap":{"0":{"name":"(anonymous_0)","decl":{"start":{"line":19,"column":17},"end":{"line":19,"column":18}},"loc":{"start":{"line":19,"column":55},"end":{"line":48,"column":3}},"line":19}},"branchMap":{"0":{"loc":{"start":{"line":19,"column":37},"end":{"line":19,"column":50}},"type":"default-arg","locations":[{"start":{"line":19,"column":49},"end":{"line":19,"column":50}}],"line":19},"1":{"loc":{"start":{"line":20,"column":4},"end":{"line":45,"column":5}},"type":"if","locations":[{"start":{"line":20,"column":4},"end":{"line":45,"column":5}},{"start":{"line":29,"column":11},"end":{"line":45,"column":5}}],"line":20},"2":{"loc":{"start":{"line":22,"column":23},"end":{"line":22,"column":83}},"type":"cond-expr","locations":[{"start":{"line":22,"column":40},"end":{"line":22,"column":49}},{"start":{"line":22,"column":52},"end":{"line":22,"column":83}}],"line":22},"3":{"loc":{"start":{"line":25,"column":8},"end":{"line":27,"column":9}},"type":"if","locations":[{"start":{"line":25,"column":8},"end":{"line":27,"column":9}},{"start":{},"end":{}}],"line":25},"4":{"loc":{"start":{"line":29,"column":11},"end":{"line":45,"column":5}},"type":"if","locations":[{"start":{"line":29,"column":11},"end":{"line":45,"column":5}},{"start":{"line":35,"column":11},"end":{"line":45,"column":5}}],"line":29},"5":{"loc":{"start":{"line":29,"column":15},"end":{"line":29,"column":68}},"type":"binary-expr","locations":[{"start":{"line":29,"column":15},"end":{"line":29,"column":45}},{"start":{"line":29,"column":49},"end":{"line":29,"column":68}}],"line":29},"6":{"loc":{"start":{"line":31,"column":8},"end":{"line":33,"column":9}},"type":"if","locations":[{"start":{"line":31,"column":8},"end":{"line":33,"column":9}},{"start":{},"end":{}}],"line":31},"7":{"loc":{"start":{"line":31,"column":12},"end":{"line":31,"column":71}},"type":"binary-expr","locations":[{"start":{"line":31,"column":12},"end":{"line":31,"column":42}},{"start":{"line":31,"column":46},"end":{"line":31,"column":71}}],"line":31},"8":{"loc":{"start":{"line":35,"column":11},"end":{"line":45,"column":5}},"type":"if","locations":[{"start":{"line":35,"column":11},"end":{"line":45,"column":5}},{"start":{},"end":{}}],"line":35},"9":{"loc":{"start":{"line":37,"column":23},"end":{"line":37,"column":83}},"type":"cond-expr","locations":[{"start":{"line":37,"column":40},"end":{"line":37,"column":49}},{"start":{"line":37,"column":52},"end":{"line":37,"column":83}}],"line":37},"10":{"loc":{"start":{"line":41,"column":8},"end":{"line":43,"column":9}},"type":"if","locations":[{"start":{"line":41,"column":8},"end":{"line":43,"column":9}},{"start":{},"end":{}}],"line":41}},"s":{"0":1,"1":1,"2":10,"3":4,"4":4,"5":4,"6":4,"7":6,"8":2,"9":6,"10":2,"11":3,"12":1,"13":4,"14":2,"15":2,"16":2,"17":2,"18":2,"19":2,"20":1,"21":6,"22":1},"f":{"0":10},"b":{"0":[7],"1":[4,6],"2":[4,0],"3":[2,4],"4":[2,4],"5":[6,3],"6":[1,2],"7":[3,3],"8":[2,2],"9":[2,0],"10":[1,1]},"_coverageSchema":"1a1c01bbd47fc00a2c39e90264f33305004495a9","hash":"2024bffd352b5987d0d7ab2ecaf55f131d6b6566"}
,"/Users/anastasia/Desktop/Unit-tests/src/map/map.js": {"path":"/Users/anastasia/Desktop/Unit-tests/src/map/map.js","statementMap":{"0":{"start":{"line":34,"column":16},"end":{"line":34,"column":45}},"1":{"start":{"line":36,"column":12},"end":{"line":60,"column":4}},"2":{"start":{"line":37,"column":17},"end":{"line":37,"column":19}},"3":{"start":{"line":38,"column":4},"end":{"line":46,"column":5}},"4":{"start":{"line":39,"column":7},"end":{"line":45,"column":8}},"5":{"start":{"line":39,"column":18},"end":{"line":39,"column":19}},"6":{"start":{"line":40,"column":11},"end":{"line":44,"column":12}},"7":{"start":{"line":41,"column":15},"end":{"line":43,"column":16}},"8":{"start":{"line":42,"column":19},"end":{"line":42,"column":59}},"9":{"start":{"line":47,"column":4},"end":{"line":52,"column":4}},"10":{"start":{"line":48,"column":7},"end":{"line":48,"column":19}},"11":{"start":{"line":49,"column":7},"end":{"line":51,"column":8}},"12":{"start":{"line":49,"column":18},"end":{"line":49,"column":19}},"13":{"start":{"line":50,"column":11},"end":{"line":50,"column":56}},"14":{"start":{"line":53,"column":4},"end":{"line":58,"column":5}},"15":{"start":{"line":54,"column":7},"end":{"line":54,"column":19}},"16":{"start":{"line":55,"column":7},"end":{"line":57,"column":8}},"17":{"start":{"line":56,"column":11},"end":{"line":56,"column":58}},"18":{"start":{"line":59,"column":4},"end":{"line":59,"column":18}},"19":{"start":{"line":62,"column":2},"end":{"line":62,"column":23}}},"fnMap":{"0":{"name":"(anonymous_0)","decl":{"start":{"line":36,"column":12},"end":{"line":36,"column":13}},"loc":{"start":{"line":36,"column":38},"end":{"line":60,"column":4}},"line":36}},"branchMap":{"0":{"loc":{"start":{"line":38,"column":4},"end":{"line":46,"column":5}},"type":"if","locations":[{"start":{"line":38,"column":4},"end":{"line":46,"column":5}},{"start":{},"end":{}}],"line":38},"1":{"loc":{"start":{"line":41,"column":15},"end":{"line":43,"column":16}},"type":"if","locations":[{"start":{"line":41,"column":15},"end":{"line":43,"column":16}},{"start":{},"end":{}}],"line":41},"2":{"loc":{"start":{"line":47,"column":4},"end":{"line":52,"column":4}},"type":"if","locations":[{"start":{"line":47,"column":4},"end":{"line":52,"column":4}},{"start":{},"end":{}}],"line":47},"3":{"loc":{"start":{"line":47,"column":8},"end":{"line":47,"column":64}},"type":"binary-expr","locations":[{"start":{"line":47,"column":8},"end":{"line":47,"column":33}},{"start":{"line":47,"column":37},"end":{"line":47,"column":64}}],"line":47},"4":{"loc":{"start":{"line":53,"column":4},"end":{"line":58,"column":5}},"type":"if","locations":[{"start":{"line":53,"column":4},"end":{"line":58,"column":5}},{"start":{},"end":{}}],"line":53},"5":{"loc":{"start":{"line":53,"column":8},"end":{"line":53,"column":72}},"type":"binary-expr","locations":[{"start":{"line":53,"column":8},"end":{"line":53,"column":38}},{"start":{"line":53,"column":42},"end":{"line":53,"column":72}}],"line":53}},"s":{"0":1,"1":1,"2":3,"3":3,"4":1,"5":1,"6":2,"7":2,"8":2,"9":3,"10":1,"11":1,"12":1,"13":2,"14":3,"15":2,"16":2,"17":4,"18":3,"19":1},"f":{"0":3},"b":{"0":[1,2],"1":[2,0],"2":[1,2],"3":[3,2],"4":[2,1],"5":[3,3]},"_coverageSchema":"1a1c01bbd47fc00a2c39e90264f33305004495a9","hash":"29c2f533e7c74c58bc0b9cbdb8e44dc0f12e2e2f"}
,"/Users/anastasia/Desktop/Unit-tests/src/service/service.js": {"path":"/Users/anastasia/Desktop/Unit-tests/src/service/service.js","statementMap":{"0":{"start":{"line":1,"column":16},"end":{"line":32,"column":1}},"1":{"start":{"line":3,"column":8},"end":{"line":3,"column":31}},"2":{"start":{"line":6,"column":21},"end":{"line":6,"column":23}},"3":{"start":{"line":7,"column":8},"end":{"line":9,"column":9}},"4":{"start":{"line":8,"column":12},"end":{"line":8,"column":45}},"5":{"start":{"line":10,"column":8},"end":{"line":12,"column":9}},"6":{"start":{"line":11,"column":12},"end":{"line":11,"column":29}},"7":{"start":{"line":13,"column":8},"end":{"line":15,"column":9}},"8":{"start":{"line":13,"column":21},"end":{"line":13,"column":26}},"9":{"start":{"line":14,"column":12},"end":{"line":14,"column":39}},"10":{"start":{"line":16,"column":8},"end":{"line":16,"column":20}},"11":{"start":{"line":19,"column":21},"end":{"line":19,"column":23}},"12":{"start":{"line":20,"column":8},"end":{"line":24,"column":9}},"13":{"start":{"line":20,"column":21},"end":{"line":20,"column":22}},"14":{"start":{"line":21,"column":10},"end":{"line":23,"column":11}},"15":{"start":{"line":22,"column":12},"end":{"line":22,"column":43}},"16":{"start":{"line":25,"column":8},"end":{"line":25,"column":22}},"17":{"start":{"line":28,"column":8},"end":{"line":30,"column":9}},"18":{"start":{"line":28,"column":21},"end":{"line":28,"column":22}},"19":{"start":{"line":29,"column":12},"end":{"line":29,"column":37}},"20":{"start":{"line":34,"column":0},"end":{"line":34,"column":25}}},"fnMap":{"0":{"name":"(anonymous_0)","decl":{"start":{"line":2,"column":10},"end":{"line":2,"column":11}},"loc":{"start":{"line":2,"column":25},"end":{"line":4,"column":5}},"line":2},"1":{"name":"(anonymous_1)","decl":{"start":{"line":5,"column":11},"end":{"line":5,"column":12}},"loc":{"start":{"line":5,"column":32},"end":{"line":17,"column":5}},"line":5},"2":{"name":"(anonymous_2)","decl":{"start":{"line":18,"column":12},"end":{"line":18,"column":13}},"loc":{"start":{"line":18,"column":31},"end":{"line":26,"column":5}},"line":18},"3":{"name":"(anonymous_3)","decl":{"start":{"line":27,"column":4},"end":{"line":27,"column":5}},"loc":{"start":{"line":27,"column":27},"end":{"line":31,"column":5}},"line":27}},"branchMap":{"0":{"loc":{"start":{"line":7,"column":8},"end":{"line":9,"column":9}},"type":"if","locations":[{"start":{"line":7,"column":8},"end":{"line":9,"column":9}},{"start":{},"end":{}}],"line":7},"1":{"loc":{"start":{"line":10,"column":8},"end":{"line":12,"column":9}},"type":"if","locations":[{"start":{"line":10,"column":8},"end":{"line":12,"column":9}},{"start":{},"end":{}}],"line":10},"2":{"loc":{"start":{"line":10,"column":11},"end":{"line":10,"column":48}},"type":"binary-expr","locations":[{"start":{"line":10,"column":11},"end":{"line":10,"column":28}},{"start":{"line":10,"column":32},"end":{"line":10,"column":48}}],"line":10},"3":{"loc":{"start":{"line":21,"column":10},"end":{"line":23,"column":11}},"type":"if","locations":[{"start":{"line":21,"column":10},"end":{"line":23,"column":11}},{"start":{},"end":{}}],"line":21}},"s":{"0":9,"1":70,"2":13,"3":13,"4":0,"5":13,"6":9,"7":13,"8":13,"9":16,"10":13,"11":3,"12":3,"13":3,"14":4,"15":1,"16":3,"17":3,"18":3,"19":6,"20":9},"f":{"0":70,"1":13,"2":3,"3":3},"b":{"0":[0,13],"1":[9,4],"2":[13,5],"3":[1,3]},"_coverageSchema":"1a1c01bbd47fc00a2c39e90264f33305004495a9","hash":"dfe2a89f3a25222e2021dc99eeb7c903f115debc"}
,"/Users/anastasia/Desktop/Unit-tests/src/take/take.js": {"path":"/Users/anastasia/Desktop/Unit-tests/src/take/take.js","statementMap":{"0":{"start":{"line":16,"column":16},"end":{"line":16,"column":45}},"1":{"start":{"line":18,"column":13},"end":{"line":23,"column":3}},"2":{"start":{"line":19,"column":4},"end":{"line":21,"column":5}},"3":{"start":{"line":20,"column":6},"end":{"line":20,"column":15}},"4":{"start":{"line":22,"column":4},"end":{"line":22,"column":49}},"5":{"start":{"line":25,"column":2},"end":{"line":25,"column":24}}},"fnMap":{"0":{"name":"(anonymous_0)","decl":{"start":{"line":18,"column":13},"end":{"line":18,"column":14}},"loc":{"start":{"line":18,"column":29},"end":{"line":23,"column":3}},"line":18}},"branchMap":{"0":{"loc":{"start":{"line":18,"column":21},"end":{"line":18,"column":24}},"type":"default-arg","locations":[{"start":{"line":18,"column":23},"end":{"line":18,"column":24}}],"line":18},"1":{"loc":{"start":{"line":19,"column":4},"end":{"line":21,"column":5}},"type":"if","locations":[{"start":{"line":19,"column":4},"end":{"line":21,"column":5}},{"start":{},"end":{}}],"line":19},"2":{"loc":{"start":{"line":19,"column":10},"end":{"line":19,"column":39}},"type":"binary-expr","locations":[{"start":{"line":19,"column":10},"end":{"line":19,"column":23}},{"start":{"line":19,"column":27},"end":{"line":19,"column":39}}],"line":19},"3":{"loc":{"start":{"line":22,"column":35},"end":{"line":22,"column":48}},"type":"cond-expr","locations":[{"start":{"line":22,"column":43},"end":{"line":22,"column":44}},{"start":{"line":22,"column":47},"end":{"line":22,"column":48}}],"line":22}},"s":{"0":1,"1":1,"2":6,"3":1,"4":5,"5":1},"f":{"0":6},"b":{"0":[2],"1":[1,5],"2":[6,6],"3":[1,4]},"_coverageSchema":"1a1c01bbd47fc00a2c39e90264f33305004495a9","hash":"081151b98828063d8d0822f4d0112725a923495d"}
,"/Users/anastasia/Desktop/Unit-tests/src/zip/zip.js": {"path":"/Users/anastasia/Desktop/Unit-tests/src/zip/zip.js","statementMap":{"0":{"start":{"line":7,"column":16},"end":{"line":7,"column":45}},"1":{"start":{"line":10,"column":15},"end":{"line":10,"column":17}},"2":{"start":{"line":11,"column":12},"end":{"line":11,"column":26}},"3":{"start":{"line":12,"column":2},"end":{"line":18,"column":3}},"4":{"start":{"line":12,"column":15},"end":{"line":12,"column":16}},"5":{"start":{"line":13,"column":18},"end":{"line":13,"column":20}},"6":{"start":{"line":14,"column":4},"end":{"line":16,"column":5}},"7":{"start":{"line":14,"column":17},"end":{"line":14,"column":18}},"8":{"start":{"line":15,"column":6},"end":{"line":15,"column":40}},"9":{"start":{"line":17,"column":4},"end":{"line":17,"column":34}},"10":{"start":{"line":19,"column":2},"end":{"line":19,"column":16}},"11":{"start":{"line":22,"column":2},"end":{"line":22,"column":23}}},"fnMap":{"0":{"name":"zip","decl":{"start":{"line":9,"column":9},"end":{"line":9,"column":12}},"loc":{"start":{"line":9,"column":22},"end":{"line":20,"column":1}},"line":9}},"branchMap":{},"s":{"0":1,"1":3,"2":3,"3":3,"4":3,"5":5,"6":5,"7":5,"8":15,"9":5,"10":3,"11":1},"f":{"0":3},"b":{},"_coverageSchema":"1a1c01bbd47fc00a2c39e90264f33305004495a9","hash":"ad47c5a3d318c73c5436d9eb293f9ec2957866ab"}
}
