TN:
SF:src/chunk/chunk.js
FN:12,(anonymous_0)
FNF:1
FNH:1
FNDA:6,(anonymous_0)
DA:10,1
DA:12,1
DA:13,6
DA:14,2
DA:17,4
DA:18,4
DA:20,4
DA:21,12
DA:23,12
DA:24,5
DA:25,5
DA:29,4
DA:32,1
LF:13
LH:13
BRDA:13,0,0,2
BRDA:13,0,1,4
BRDA:13,1,0,6
BRDA:13,1,1,5
BRDA:23,2,0,5
BRDA:23,2,1,7
BRDA:23,3,0,12
BRDA:23,3,1,9
BRF:8
BRH:8
end_of_record
TN:
SF:src/compact/compact.js
FN:9,(anonymous_0)
FNF:1
FNH:1
FNDA:5,(anonymous_0)
DA:7,1
DA:9,1
DA:10,5
DA:11,1
DA:14,4
DA:15,4
DA:16,15
DA:17,6
DA:21,4
DA:24,1
LF:10
LH:10
BRDA:10,0,0,1
BRDA:10,0,1,4
BRDA:16,1,0,6
BRDA:16,1,1,9
BRF:4
BRH:4
end_of_record
TN:
SF:src/service/service.js
FN:2,(anonymous_0)
FNF:1
FNH:1
FNDA:23,(anonymous_0)
DA:1,2
DA:3,23
DA:7,2
LF:3
LH:3
BRF:0
BRH:0
end_of_record
