TN:
SF:src/chunk/chunk.js
FN:12,(anonymous_0)
FNF:1
FNH:1
FNDA:6,(anonymous_0)
DA:10,1
DA:12,1
DA:13,6
DA:14,2
DA:17,4
DA:18,4
DA:20,4
DA:21,12
DA:23,12
DA:24,5
DA:25,5
DA:29,4
DA:32,1
LF:13
LH:13
BRDA:13,0,0,2
BRDA:13,0,1,4
BRDA:13,1,0,6
BRDA:13,1,1,5
BRDA:23,2,0,5
BRDA:23,2,1,7
BRDA:23,3,0,12
BRDA:23,3,1,9
BRF:8
BRH:8
end_of_record
TN:
SF:src/compact/compact.js
FN:9,(anonymous_0)
FNF:1
FNH:1
FNDA:5,(anonymous_0)
DA:7,1
DA:9,1
DA:10,5
DA:11,1
DA:14,4
DA:15,4
DA:16,15
DA:17,6
DA:21,4
DA:24,1
LF:10
LH:10
BRDA:10,0,0,1
BRDA:10,0,1,4
BRDA:16,1,0,6
BRDA:16,1,1,9
BRF:4
BRH:4
end_of_record
TN:
SF:src/drop/drop.js
FN:17,(anonymous_0)
FNF:1
FNH:1
FNDA:7,(anonymous_0)
DA:15,1
DA:17,1
DA:18,7
DA:19,1
DA:22,6
DA:25,1
LF:6
LH:6
BRDA:18,0,0,1
BRDA:18,0,1,6
BRF:2
BRH:2
end_of_record
TN:
SF:src/dropWhile/dropWhile.js
FN:28,(anonymous_0)
FNF:1
FNH:1
FNDA:2,(anonymous_0)
DA:26,1
DA:28,1
DA:29,2
DA:31,2
DA:32,4
DA:33,4
DA:34,2
DA:36,2
DA:38,2
DA:41,1
LF:10
LH:10
BRDA:33,0,0,2
BRDA:33,0,1,2
BRF:2
BRH:2
end_of_record
TN:
SF:src/filter/filter.js
FN:22,(anonymous_0)
FN:28,(anonymous_1)
FN:39,(anonymous_2)
FN:48,(anonymous_3)
FNF:4
FNH:4
FNDA:6,(anonymous_0)
FNDA:2,(anonymous_1)
FNDA:2,(anonymous_2)
FNDA:2,(anonymous_3)
DA:20,1
DA:22,1
DA:23,6
DA:24,3
DA:26,3
DA:27,1
DA:28,1
DA:29,2
DA:30,4
DA:31,1
DA:35,1
DA:37,2
DA:38,1
DA:39,1
DA:40,2
DA:41,1
DA:44,1
DA:46,1
DA:47,1
DA:48,1
DA:49,2
DA:50,1
DA:53,1
DA:58,1
LF:24
LH:24
BRDA:23,0,0,3
BRDA:23,0,1,3
BRDA:26,1,0,1
BRDA:26,1,1,2
BRDA:30,2,0,1
BRDA:30,2,1,3
BRDA:30,3,0,4
BRDA:30,3,1,2
BRDA:37,4,0,1
BRDA:37,4,1,1
BRDA:40,5,0,1
BRDA:40,5,1,1
BRDA:40,6,0,2
BRDA:40,6,1,2
BRDA:46,7,0,1
BRDA:46,7,1,0
BRDA:49,8,0,1
BRDA:49,8,1,1
BRF:18
BRH:17
end_of_record
TN:
SF:src/find/find.js
FN:25,(anonymous_0)
FN:70,isIterable
FNF:2
FNH:2
FNDA:8,(anonymous_0)
FNDA:8,isIterable
DA:25,1
DA:26,8
DA:27,3
DA:30,5
DA:31,1
DA:32,1
DA:33,2
DA:34,1
DA:37,4
DA:38,2
DA:39,4
DA:40,1
DA:43,2
DA:44,1
DA:45,3
DA:46,3
DA:47,4
DA:48,2
DA:49,2
DA:52,3
DA:53,1
DA:56,1
DA:57,1
DA:58,1
DA:59,1
DA:63,0
DA:66,1
DA:71,8
DA:75,1
LF:29
LH:28
BRDA:26,0,0,3
BRDA:26,0,1,5
BRDA:30,1,0,1
BRDA:30,1,1,4
BRDA:33,2,0,1
BRDA:33,2,1,1
BRDA:37,3,0,2
BRDA:37,3,1,2
BRDA:39,4,0,1
BRDA:39,4,1,3
BRDA:43,5,0,1
BRDA:43,5,1,1
BRDA:47,6,0,2
BRDA:47,6,1,2
BRDA:52,7,0,1
BRDA:52,7,1,2
BRDA:56,8,0,1
BRDA:56,8,1,0
BRDA:58,9,0,1
BRDA:58,9,1,0
BRF:20
BRH:18
end_of_record
TN:
SF:src/includes/includes.js
FN:19,(anonymous_0)
FNF:1
FNH:1
FNDA:10,(anonymous_0)
DA:17,1
DA:19,1
DA:20,10
DA:21,4
DA:22,4
DA:24,4
DA:25,6
DA:26,2
DA:29,6
DA:30,2
DA:31,3
DA:32,1
DA:35,4
DA:36,2
DA:37,2
DA:38,2
DA:40,2
DA:41,2
DA:42,1
DA:47,6
DA:52,1
LF:21
LH:21
BRDA:19,0,0,7
BRDA:20,1,0,4
BRDA:20,1,1,6
BRDA:22,2,0,4
BRDA:22,2,1,0
BRDA:25,3,0,2
BRDA:25,3,1,4
BRDA:29,4,0,2
BRDA:29,4,1,4
BRDA:29,5,0,6
BRDA:29,5,1,3
BRDA:31,6,0,1
BRDA:31,6,1,2
BRDA:31,7,0,3
BRDA:31,7,1,3
BRDA:35,8,0,2
BRDA:35,8,1,2
BRDA:37,9,0,2
BRDA:37,9,1,0
BRDA:41,10,0,1
BRDA:41,10,1,1
BRF:21
BRH:19
end_of_record
TN:
SF:src/map/map.js
FN:36,(anonymous_0)
FNF:1
FNH:1
FNDA:3,(anonymous_0)
DA:34,1
DA:36,1
DA:37,3
DA:38,3
DA:39,1
DA:40,2
DA:41,2
DA:42,2
DA:47,3
DA:48,1
DA:49,1
DA:50,2
DA:53,3
DA:54,2
DA:55,2
DA:56,4
DA:59,3
DA:62,1
LF:18
LH:18
BRDA:38,0,0,1
BRDA:38,0,1,2
BRDA:41,1,0,2
BRDA:41,1,1,0
BRDA:47,2,0,1
BRDA:47,2,1,2
BRDA:47,3,0,3
BRDA:47,3,1,2
BRDA:53,4,0,2
BRDA:53,4,1,1
BRDA:53,5,0,3
BRDA:53,5,1,3
BRF:12
BRH:11
end_of_record
TN:
SF:src/service/service.js
FN:2,(anonymous_0)
FN:5,(anonymous_1)
FN:18,(anonymous_2)
FN:27,(anonymous_3)
FNF:4
FNH:4
FNDA:70,(anonymous_0)
FNDA:13,(anonymous_1)
FNDA:3,(anonymous_2)
FNDA:3,(anonymous_3)
DA:1,9
DA:3,70
DA:6,13
DA:7,13
DA:8,0
DA:10,13
DA:11,9
DA:13,13
DA:14,16
DA:16,13
DA:19,3
DA:20,3
DA:21,4
DA:22,1
DA:25,3
DA:28,3
DA:29,6
DA:34,9
LF:18
LH:17
BRDA:7,0,0,0
BRDA:7,0,1,13
BRDA:10,1,0,9
BRDA:10,1,1,4
BRDA:10,2,0,13
BRDA:10,2,1,5
BRDA:21,3,0,1
BRDA:21,3,1,3
BRF:8
BRH:7
end_of_record
TN:
SF:src/take/take.js
FN:18,(anonymous_0)
FNF:1
FNH:1
FNDA:6,(anonymous_0)
DA:16,1
DA:18,1
DA:19,6
DA:20,1
DA:22,5
DA:25,1
LF:6
LH:6
BRDA:18,0,0,2
BRDA:19,1,0,1
BRDA:19,1,1,5
BRDA:19,2,0,6
BRDA:19,2,1,6
BRDA:22,3,0,1
BRDA:22,3,1,4
BRF:7
BRH:7
end_of_record
TN:
SF:src/zip/zip.js
FN:9,zip
FNF:1
FNH:1
FNDA:3,zip
DA:7,1
DA:10,3
DA:11,3
DA:12,3
DA:13,5
DA:14,5
DA:15,15
DA:17,5
DA:19,3
DA:22,1
LF:10
LH:10
BRF:0
BRH:0
end_of_record
